Arguments: 
  /usr/local/bin/node /usr/local/bin/yarn add sharp

PATH: 
  /usr/local/sbin:/usr/local/bin:/usr/sbin:/usr/bin:/sbin:/bin:/usr/games:/usr/local/games:/snap/bin

Yarn version: 
  1.13.0

Node version: 
  11.10.0

Platform: 
  linux x64

Trace: 
  Error: EACCES: permission denied, mkdir '/home/x07/Documentos/projects/clone-instagram/node_modules/ansi-regex'

npm manifest: 
  {
    "name": "clone-instagram",
    "version": "1.0.0",
    "description": "",
    "main": "index.js",
    "scripts": {
      "test": "echo \"Error: no test specified\" && exit 1"
    },
    "author": "",
    "license": "ISC",
    "dependencies": {
      "express": "^4.17.1",
      "mongoose": "^5.6.0",
      "multer": "^1.4.1"
    }
  }

yarn manifest: 
  No manifest

Lockfile: 
  No lockfile
